2022-10-25 15:12:30,621 INFO o.a.j.u.JMeterUtils: Setting Locale to en_EN
2022-10-25 15:12:30,637 INFO o.a.j.JMeter: Loading user properties from: C:\Users\User\Desktop\Work\JMeter\apache-jmeter-5.5\bin\user.properties
2022-10-25 15:12:30,637 INFO o.a.j.JMeter: Loading system properties from: C:\Users\User\Desktop\Work\JMeter\apache-jmeter-5.5\bin\system.properties
2022-10-25 15:12:30,643 INFO o.a.j.JMeter: Copyright (c) 1998-2022 The Apache Software Foundation
2022-10-25 15:12:30,643 INFO o.a.j.JMeter: Version 5.5
2022-10-25 15:12:30,643 INFO o.a.j.JMeter: java.version=17.0.1
2022-10-25 15:12:30,643 INFO o.a.j.JMeter: java.vm.name=Java HotSpot(TM) 64-Bit Server VM
2022-10-25 15:12:30,643 INFO o.a.j.JMeter: os.name=Windows 10
2022-10-25 15:12:30,643 INFO o.a.j.JMeter: os.arch=amd64
2022-10-25 15:12:30,643 INFO o.a.j.JMeter: os.version=10.0
2022-10-25 15:12:30,643 INFO o.a.j.JMeter: file.encoding=Cp1252
2022-10-25 15:12:30,643 INFO o.a.j.JMeter: java.awt.headless=true
2022-10-25 15:12:30,643 INFO o.a.j.JMeter: Max memory     =1073741824
2022-10-25 15:12:30,643 INFO o.a.j.JMeter: Available Processors =12
2022-10-25 15:12:30,643 INFO o.a.j.JMeter: Default Locale=English (EN)
2022-10-25 15:12:30,643 INFO o.a.j.JMeter: JMeter  Locale=English (EN)
2022-10-25 15:12:30,643 INFO o.a.j.JMeter: JMeterHome=C:\Users\User\Desktop\Work\JMeter\apache-jmeter-5.5
2022-10-25 15:12:30,643 INFO o.a.j.JMeter: user.dir  =C:\Users\User\Desktop\Work\GithubStorage\jmetertraining
2022-10-25 15:12:30,643 INFO o.a.j.JMeter: PWD       =C:\Users\User\Desktop\Work\GithubStorage\jmetertraining
2022-10-25 15:12:30,653 INFO o.a.j.JMeter: IP: 192.168.43.203 Name: LAPTOP-V69T84VJ FullName: LAPTOP-V69T84VJ
2022-10-25 15:12:30,653 INFO o.a.j.JMeter: Setting property 'jmeter.reportgenerator.outputdir' to:'C:\Users\User\Desktop\Work\GithubStorage\jmetertraining\Result4'
2022-10-25 15:12:30,663 INFO o.a.j.s.FileServer: Default base='C:\Users\User\Desktop\Work\GithubStorage\jmetertraining'
2022-10-25 15:12:30,663 INFO o.a.j.s.FileServer: Set new base='C:\Users\User\Desktop\Work\GithubStorage\jmetertraining'
2022-10-25 15:12:30,784 INFO o.a.j.s.SaveService: Testplan (JMX) version: 2.2. Testlog (JTL) version: 2.2
2022-10-25 15:12:30,803 INFO o.a.j.s.SaveService: Using SaveService properties version 5.0
2022-10-25 15:12:30,803 INFO o.a.j.s.SaveService: Using SaveService properties file encoding UTF-8
2022-10-25 15:12:30,803 INFO o.a.j.s.SaveService: Loading file: AdvantageShop.jmx
2022-10-25 15:12:30,852 INFO o.a.j.p.h.s.HTTPSamplerBase: Parser for text/html is org.apache.jmeter.protocol.http.parser.LagartoBasedHtmlParser
2022-10-25 15:12:30,852 INFO o.a.j.p.h.s.HTTPSamplerBase: Parser for application/xhtml+xml is org.apache.jmeter.protocol.http.parser.LagartoBasedHtmlParser
2022-10-25 15:12:30,852 INFO o.a.j.p.h.s.HTTPSamplerBase: Parser for application/xml is org.apache.jmeter.protocol.http.parser.LagartoBasedHtmlParser
2022-10-25 15:12:30,852 INFO o.a.j.p.h.s.HTTPSamplerBase: Parser for text/xml is org.apache.jmeter.protocol.http.parser.LagartoBasedHtmlParser
2022-10-25 15:12:30,852 INFO o.a.j.p.h.s.HTTPSamplerBase: Parser for text/vnd.wap.wml is org.apache.jmeter.protocol.http.parser.RegexpHTMLParser
2022-10-25 15:12:30,852 INFO o.a.j.p.h.s.HTTPSamplerBase: Parser for text/css is org.apache.jmeter.protocol.http.parser.CssParser
2022-10-25 15:12:31,044 INFO o.a.j.e.KeyToolUtils: keytool found at 'keytool'
2022-10-25 15:12:31,044 INFO o.a.j.p.h.p.ProxyControl: HTTP(S) Test Script Recorder SSL Proxy will use keys that support embedded 3rd party resources in file C:\Users\User\Desktop\Work\JMeter\apache-jmeter-5.5\bin\proxyserver.jks
2022-10-25 15:12:31,062 INFO o.a.j.JMeter: Creating summariser <summary>
2022-10-25 15:12:31,062 INFO o.a.j.r.d.ReportGenerator: ReportGenerator will use for Parsing the separator: ','
2022-10-25 15:12:31,062 INFO o.a.j.r.d.ReportGenerator: Will generate report at end of test from  results file: testresult.jtl
2022-10-25 15:12:31,062 INFO o.a.j.r.d.ReportGenerator: Reading report generator properties from: C:\Users\User\Desktop\Work\JMeter\apache-jmeter-5.5\bin\reportgenerator.properties
2022-10-25 15:12:31,072 INFO o.a.j.r.d.ReportGenerator: Merging with JMeter properties
2022-10-25 15:12:31,072 INFO o.a.j.r.c.ReportGeneratorConfiguration: Property 'jmeter.reportgenerator.temp_dir' not found, using default value 'temp' instead.
2022-10-25 15:12:31,082 INFO o.a.j.r.c.ReportGeneratorConfiguration: Property 'jmeter.reportgenerator.apdex_per_transaction' not found, using default value 'null' instead.
2022-10-25 15:12:31,082 INFO o.a.j.r.c.ReportGeneratorConfiguration: apdex_per_transaction is empty, not APDEX per transaction customization
2022-10-25 15:12:31,082 INFO o.a.j.r.c.ReportGeneratorConfiguration: Property 'jmeter.reportgenerator.sample_filter' not found, using default value 'null' instead.
2022-10-25 15:12:31,082 INFO o.a.j.r.c.ReportGeneratorConfiguration: Property 'jmeter.reportgenerator.report_title' not found, using default value 'null' instead.
2022-10-25 15:12:31,082 INFO o.a.j.r.c.ReportGeneratorConfiguration: Property 'jmeter.reportgenerator.start_date' not found, using default value 'null' instead.
2022-10-25 15:12:31,082 INFO o.a.j.r.c.ReportGeneratorConfiguration: Property 'jmeter.reportgenerator.end_date' not found, using default value 'null' instead.
2022-10-25 15:12:31,082 INFO o.a.j.r.c.ReportGeneratorConfiguration: Property 'jmeter.reportgenerator.date_format' not found, using default value 'null' instead.
2022-10-25 15:12:31,082 INFO o.a.j.r.c.ReportGeneratorConfiguration: Will use date range start date: null, end date: null
2022-10-25 15:12:31,082 INFO o.a.j.r.c.ReportGeneratorConfiguration: Property 'jmeter.reportgenerator.graph.totalTPS.exclude_controllers' not found, using default value 'false' instead.
2022-10-25 15:12:31,082 INFO o.a.j.r.c.ReportGeneratorConfiguration: Property 'jmeter.reportgenerator.graph.activeThreadsOverTime.exclude_controllers' not found, using default value 'false' instead.
2022-10-25 15:12:31,082 INFO o.a.j.r.c.ReportGeneratorConfiguration: Property 'jmeter.reportgenerator.graph.timeVsThreads.exclude_controllers' not found, using default value 'false' instead.
2022-10-25 15:12:31,082 INFO o.a.j.r.c.ReportGeneratorConfiguration: Property 'jmeter.reportgenerator.graph.responseTimeDistribution.exclude_controllers' not found, using default value 'false' instead.
2022-10-25 15:12:31,082 INFO o.a.j.r.c.ReportGeneratorConfiguration: Property 'jmeter.reportgenerator.graph.transactionsPerSecond.exclude_controllers' not found, using default value 'false' instead.
2022-10-25 15:12:31,082 INFO o.a.j.r.c.ReportGeneratorConfiguration: Property 'jmeter.reportgenerator.graph.responseTimePercentiles.exclude_controllers' not found, using default value 'false' instead.
2022-10-25 15:12:31,082 INFO o.a.j.r.c.ReportGeneratorConfiguration: Property 'jmeter.reportgenerator.graph.responseTimePercentilesOverTime.exclude_controllers' not found, using default value 'false' instead.
2022-10-25 15:12:31,082 INFO o.a.j.r.c.ReportGeneratorConfiguration: Property 'jmeter.reportgenerator.graph.responseTimesOverTime.exclude_controllers' not found, using default value 'false' instead.
2022-10-25 15:12:31,082 INFO o.a.j.r.c.ReportGeneratorConfiguration: Property 'jmeter.reportgenerator.graph.connectTimeOverTime.exclude_controllers' not found, using default value 'false' instead.
2022-10-25 15:12:31,082 INFO o.a.j.r.c.ReportGeneratorConfiguration: Property 'jmeter.reportgenerator.graph.latenciesOverTime.exclude_controllers' not found, using default value 'false' instead.
2022-10-25 15:12:31,082 INFO o.a.j.r.c.ReportGeneratorConfiguration: Property 'jmeter.reportgenerator.exporter.json.filters_only_sample_series' not found, using default value 'true' instead.
2022-10-25 15:12:31,082 INFO o.a.j.r.c.ReportGeneratorConfiguration: Property 'jmeter.reportgenerator.exporter.json.series_filter' not found, using default value '' instead.
2022-10-25 15:12:31,082 INFO o.a.j.r.c.ReportGeneratorConfiguration: Property 'jmeter.reportgenerator.exporter.json.show_controllers_only' not found, using default value 'false' instead.
2022-10-25 15:12:31,082 INFO o.a.j.r.c.ReportGeneratorConfiguration: Property 'jmeter.reportgenerator.exporter.html.filters_only_sample_series' not found, using default value 'true' instead.
2022-10-25 15:12:31,082 INFO o.a.j.r.c.ReportGeneratorConfiguration: Property 'jmeter.reportgenerator.exporter.html.series_filter' not found, using default value '' instead.
2022-10-25 15:12:31,082 INFO o.a.j.r.c.ReportGeneratorConfiguration: Property 'jmeter.reportgenerator.exporter.html.show_controllers_only' not found, using default value 'false' instead.
2022-10-25 15:12:31,092 INFO o.a.j.e.StandardJMeterEngine: Running the test!
2022-10-25 15:12:31,092 INFO o.a.j.s.SampleEvent: List of sample_variables: []
2022-10-25 15:12:31,092 INFO o.a.j.s.SampleEvent: List of sample_variables: []
2022-10-25 15:12:31,103 INFO o.a.j.e.u.CompoundVariable: Note: Function class names must contain the string: '.functions.'
2022-10-25 15:12:31,103 INFO o.a.j.e.u.CompoundVariable: Note: Function class names must not contain the string: '.gui.'
2022-10-25 15:12:31,158 INFO o.a.j.JMeter: Running test (1666681951158)
2022-10-25 15:12:31,174 INFO o.a.j.e.StandardJMeterEngine: Starting ThreadGroup: 1 : Thread Group
2022-10-25 15:12:31,174 INFO o.a.j.e.StandardJMeterEngine: Starting 5 threads for group Thread Group.
2022-10-25 15:12:31,178 INFO o.a.j.e.StandardJMeterEngine: Thread will start next loop on error
2022-10-25 15:12:31,178 INFO o.a.j.t.ThreadGroup: Starting thread group... number=1 threads=5 ramp-up=15 delayedStart=false
2022-10-25 15:12:31,196 INFO o.a.j.t.ThreadGroup: Started thread group number 1
2022-10-25 15:12:31,196 INFO o.a.j.e.StandardJMeterEngine: All thread groups have been started
2022-10-25 15:12:31,232 INFO o.a.j.t.JMeterThread: Thread started: Thread Group 1-1
2022-10-25 15:12:31,242 INFO o.a.j.s.FileServer: Stored: C:/Users/User/Desktop/Work/GithubStorage/jmetertraining/AdvantageAcc.csv
2022-10-25 15:12:31,263 INFO o.a.j.p.h.s.HTTPHCAbstractImpl: Local host = LAPTOP-V69T84VJ
2022-10-25 15:12:31,263 INFO o.a.j.p.h.s.HTTPHC4Impl: HTTP request retry count = 0
2022-10-25 15:12:31,271 INFO o.a.j.s.SampleResult: Note: Sample TimeStamps are START times
2022-10-25 15:12:31,271 INFO o.a.j.s.SampleResult: sampleresult.default.encoding is set to ISO-8859-1
2022-10-25 15:12:31,271 INFO o.a.j.s.SampleResult: sampleresult.useNanoTime=true
2022-10-25 15:12:31,271 INFO o.a.j.s.SampleResult: sampleresult.nanoThreadSleep=5000
2022-10-25 15:12:31,753 INFO o.a.j.p.h.s.h.LazyLayeredConnectionSocketFactory: Setting up HTTPS TrustAll Socket Factory
2022-10-25 15:12:31,757 INFO o.a.j.u.JsseSSLManager: Using default SSL protocol: TLS
2022-10-25 15:12:31,757 INFO o.a.j.u.JsseSSLManager: SSL session context: per-thread
2022-10-25 15:12:32,194 INFO o.a.j.u.SSLManager: JmeterKeyStore Location:  type JKS
2022-10-25 15:12:32,197 INFO o.a.j.u.SSLManager: KeyStore created OK
2022-10-25 15:12:32,197 WARN o.a.j.u.SSLManager: Keystore file not found, loading empty keystore
2022-10-25 15:12:33,614 INFO o.a.j.r.Summariser: summary +      1 in 00:00:02 =    0.4/s Avg:  2289 Min:  2289 Max:  2289 Err:     0 (0.00%) Active: 1 Started: 1 Finished: 0
2022-10-25 15:12:34,225 INFO o.a.j.t.JMeterThread: Thread started: Thread Group 1-2
2022-10-25 15:12:37,225 INFO o.a.j.t.JMeterThread: Thread started: Thread Group 1-3
2022-10-25 15:12:40,220 INFO o.a.j.t.JMeterThread: Thread started: Thread Group 1-4
2022-10-25 15:12:43,217 INFO o.a.j.t.JMeterThread: Thread started: Thread Group 1-5
2022-10-25 15:13:00,033 INFO o.a.j.r.Summariser: summary +     34 in 00:00:26 =    1.3/s Avg:  2188 Min:   300 Max: 10612 Err:     0 (0.00%) Active: 5 Started: 5 Finished: 0
2022-10-25 15:13:00,033 INFO o.a.j.r.Summariser: summary =     35 in 00:00:29 =    1.2/s Avg:  2191 Min:   300 Max: 10612 Err:     0 (0.00%)
2022-10-25 15:13:30,964 INFO o.a.j.r.Summariser: summary +     98 in 00:00:31 =    3.2/s Avg:  1323 Min:   296 Max:  6655 Err:     0 (0.00%) Active: 5 Started: 5 Finished: 0
2022-10-25 15:13:30,966 INFO o.a.j.r.Summariser: summary =    133 in 00:01:00 =    2.2/s Avg:  1551 Min:   296 Max: 10612 Err:     0 (0.00%)
2022-10-25 15:14:32,954 INFO o.a.j.r.Summariser: summary +     91 in 00:01:02 =    1.5/s Avg:  2793 Min:   283 Max: 24105 Err:     0 (0.00%) Active: 5 Started: 5 Finished: 0
2022-10-25 15:14:32,963 INFO o.a.j.r.Summariser: summary =    224 in 00:02:02 =    1.8/s Avg:  2056 Min:   283 Max: 24105 Err:     0 (0.00%)
2022-10-25 15:15:00,035 INFO o.a.j.r.Summariser: summary +     42 in 00:00:27 =    1.6/s Avg:  2516 Min:   293 Max: 13337 Err:     0 (0.00%) Active: 5 Started: 5 Finished: 0
2022-10-25 15:15:00,035 INFO o.a.j.r.Summariser: summary =    266 in 00:02:29 =    1.8/s Avg:  2128 Min:   283 Max: 24105 Err:     0 (0.00%)
2022-10-25 15:15:30,222 INFO o.a.j.r.Summariser: summary +     72 in 00:00:30 =    2.4/s Avg:   765 Min:   204 Max:  2934 Err:     0 (0.00%) Active: 5 Started: 5 Finished: 0
2022-10-25 15:15:30,222 INFO o.a.j.r.Summariser: summary =    338 in 00:02:59 =    1.9/s Avg:  1838 Min:   204 Max: 24105 Err:     0 (0.00%)
2022-10-25 15:16:00,644 INFO o.a.j.r.Summariser: summary +     64 in 00:00:30 =    2.1/s Avg:   514 Min:   101 Max:  2266 Err:     0 (0.00%) Active: 5 Started: 5 Finished: 0
2022-10-25 15:16:00,644 INFO o.a.j.r.Summariser: summary =    402 in 00:03:29 =    1.9/s Avg:  1627 Min:   101 Max: 24105 Err:     0 (0.00%)
2022-10-25 15:16:30,244 INFO o.a.j.r.Summariser: summary +     71 in 00:00:30 =    2.4/s Avg:   556 Min:   101 Max:  1642 Err:     0 (0.00%) Active: 5 Started: 5 Finished: 0
2022-10-25 15:16:30,244 INFO o.a.j.r.Summariser: summary =    473 in 00:03:59 =    2.0/s Avg:  1466 Min:   101 Max: 24105 Err:     0 (0.00%)
2022-10-25 15:17:00,165 INFO o.a.j.r.Summariser: summary +     90 in 00:00:30 =    3.0/s Avg:   629 Min:   261 Max:  3955 Err:     0 (0.00%) Active: 5 Started: 5 Finished: 0
2022-10-25 15:17:00,166 INFO o.a.j.r.Summariser: summary =    563 in 00:04:29 =    2.1/s Avg:  1332 Min:   101 Max: 24105 Err:     0 (0.00%)
2022-10-25 15:17:30,163 INFO o.a.j.r.Summariser: summary +     85 in 00:00:30 =    2.8/s Avg:  1186 Min:   273 Max:  7738 Err:     0 (0.00%) Active: 5 Started: 5 Finished: 0
2022-10-25 15:17:30,163 INFO o.a.j.r.Summariser: summary =    648 in 00:04:59 =    2.2/s Avg:  1313 Min:   101 Max: 24105 Err:     0 (0.00%)
2022-10-25 15:18:03,722 INFO o.a.j.r.Summariser: summary +    117 in 00:00:34 =    3.5/s Avg:   648 Min:   245 Max:  2475 Err:     0 (0.00%) Active: 5 Started: 5 Finished: 0
2022-10-25 15:18:03,723 INFO o.a.j.r.Summariser: summary =    765 in 00:05:33 =    2.3/s Avg:  1211 Min:   101 Max: 24105 Err:     0 (0.00%)
2022-10-25 15:18:30,506 INFO o.a.j.r.Summariser: summary +     81 in 00:00:27 =    3.0/s Avg:   497 Min:    93 Max:  1406 Err:     0 (0.00%) Active: 5 Started: 5 Finished: 0
2022-10-25 15:18:30,506 INFO o.a.j.r.Summariser: summary =    846 in 00:05:59 =    2.4/s Avg:  1143 Min:    93 Max: 24105 Err:     0 (0.00%)
2022-10-25 15:19:00,118 INFO o.a.j.r.Summariser: summary +     59 in 00:00:30 =    2.0/s Avg:   458 Min:    80 Max:  1461 Err:     0 (0.00%) Active: 5 Started: 5 Finished: 0
2022-10-25 15:19:00,118 INFO o.a.j.r.Summariser: summary =    905 in 00:06:29 =    2.3/s Avg:  1098 Min:    80 Max: 24105 Err:     0 (0.00%)
2022-10-25 15:19:30,244 INFO o.a.j.r.Summariser: summary +    121 in 00:00:30 =    4.0/s Avg:   499 Min:   108 Max:  1570 Err:     0 (0.00%) Active: 5 Started: 5 Finished: 0
2022-10-25 15:19:30,245 INFO o.a.j.r.Summariser: summary =   1026 in 00:06:59 =    2.4/s Avg:  1028 Min:    80 Max: 24105 Err:     0 (0.00%)
2022-10-25 15:20:00,367 INFO o.a.j.r.Summariser: summary +     87 in 00:00:30 =    2.9/s Avg:   717 Min:   283 Max:  2453 Err:     0 (0.00%) Active: 5 Started: 5 Finished: 0
2022-10-25 15:20:00,367 INFO o.a.j.r.Summariser: summary =   1113 in 00:07:29 =    2.5/s Avg:  1003 Min:    80 Max: 24105 Err:     0 (0.00%)
2022-10-25 15:20:32,381 INFO o.a.j.r.Summariser: summary +    107 in 00:00:32 =    3.3/s Avg:   820 Min:   183 Max:  5766 Err:     0 (0.00%) Active: 5 Started: 5 Finished: 0
2022-10-25 15:20:32,382 INFO o.a.j.r.Summariser: summary =   1220 in 00:08:01 =    2.5/s Avg:   987 Min:    80 Max: 24105 Err:     0 (0.00%)
2022-10-25 15:21:00,683 INFO o.a.j.r.Summariser: summary +     67 in 00:00:28 =    2.4/s Avg:   550 Min:   103 Max:  2428 Err:     0 (0.00%) Active: 5 Started: 5 Finished: 0
2022-10-25 15:21:00,684 INFO o.a.j.r.Summariser: summary =   1287 in 00:08:30 =    2.5/s Avg:   964 Min:    80 Max: 24105 Err:     0 (0.00%)
2022-10-25 15:21:30,175 INFO o.a.j.r.Summariser: summary +     69 in 00:00:29 =    2.3/s Avg:   576 Min:   105 Max:  1947 Err:     0 (0.00%) Active: 5 Started: 5 Finished: 0
2022-10-25 15:21:30,176 INFO o.a.j.r.Summariser: summary =   1356 in 00:08:59 =    2.5/s Avg:   945 Min:    80 Max: 24105 Err:     0 (0.00%)
2022-10-25 15:22:00,029 INFO o.a.j.r.Summariser: summary +    129 in 00:00:30 =    4.3/s Avg:   416 Min:    88 Max:  1321 Err:     0 (0.00%) Active: 5 Started: 5 Finished: 0
2022-10-25 15:22:00,029 INFO o.a.j.r.Summariser: summary =   1485 in 00:09:29 =    2.6/s Avg:   899 Min:    80 Max: 24105 Err:     0 (0.00%)
2022-10-25 15:22:20,087 INFO o.a.j.t.JMeterThread: Thread finished: Thread Group 1-2
2022-10-25 15:22:30,046 INFO o.a.j.r.Summariser: summary +     46 in 00:00:30 =    1.5/s Avg:   664 Min:   218 Max:  2086 Err:     0 (0.00%) Active: 4 Started: 5 Finished: 1
2022-10-25 15:22:30,046 INFO o.a.j.r.Summariser: summary =   1531 in 00:09:59 =    2.6/s Avg:   892 Min:    80 Max: 24105 Err:     0 (0.00%)
2022-10-25 15:22:31,349 INFO o.a.j.t.JMeterThread: Stopping because end time detected by thread: Thread Group 1-5
2022-10-25 15:22:31,349 INFO o.a.j.t.JMeterThread: Thread finished: Thread Group 1-5
2022-10-25 15:22:31,544 INFO o.a.j.t.JMeterThread: Stopping because end time detected by thread: Thread Group 1-1
2022-10-25 15:22:31,544 INFO o.a.j.t.JMeterThread: Thread finished: Thread Group 1-1
2022-10-25 15:22:31,602 INFO o.a.j.t.JMeterThread: Stopping because end time detected by thread: Thread Group 1-4
2022-10-25 15:22:31,602 INFO o.a.j.t.JMeterThread: Thread finished: Thread Group 1-4
2022-10-25 15:22:31,679 INFO o.a.j.t.JMeterThread: Stopping because end time detected by thread: Thread Group 1-3
2022-10-25 15:22:31,679 INFO o.a.j.t.JMeterThread: Thread finished: Thread Group 1-3
2022-10-25 15:22:31,682 INFO o.a.j.e.StandardJMeterEngine: Notifying test listeners of end of test
2022-10-25 15:22:31,682 INFO o.a.j.s.FileServer: Close: C:/Users/User/Desktop/Work/GithubStorage/jmetertraining/AdvantageAcc.csv
2022-10-25 15:22:31,682 INFO o.a.j.r.Summariser: summary +     11 in 00:00:02 =    6.7/s Avg:   659 Min:   304 Max:  1130 Err:     0 (0.00%) Active: 0 Started: 5 Finished: 5
2022-10-25 15:22:31,682 INFO o.a.j.r.Summariser: summary =   1542 in 00:10:01 =    2.6/s Avg:   890 Min:    80 Max: 24105 Err:     0 (0.00%)
2022-10-25 15:22:31,682 INFO o.a.j.JMeter: Generating Dashboard
2022-10-25 15:22:31,682 INFO o.a.j.r.d.ReportGenerator: Flushing result collector before report Generation
2022-10-25 15:22:31,702 INFO o.a.j.r.p.NormalizerSampleConsumer: Using format, 'ms', to parse timeStamp field
2022-10-25 15:22:31,974 INFO o.a.j.r.p.AbstractSampleConsumer: class org.apache.jmeter.report.processor.AggregateConsumer#stopProducing(): beginDate produced 0 samples
2022-10-25 15:22:31,974 INFO o.a.j.r.p.AbstractSampleConsumer: class org.apache.jmeter.report.processor.AggregateConsumer#stopProducing(): endDate produced 0 samples
2022-10-25 15:22:31,984 INFO o.a.j.r.p.AbstractSampleConsumer: class org.apache.jmeter.report.processor.ApdexSummaryConsumer#stopProducing(): apdexSummary produced 0 samples
2022-10-25 15:22:31,984 INFO o.a.j.r.p.AbstractSampleConsumer: class org.apache.jmeter.report.processor.RequestsSummaryConsumer#stopProducing(): requestsSummary produced 0 samples
2022-10-25 15:22:31,994 INFO o.a.j.r.p.AbstractSampleConsumer: class org.apache.jmeter.report.processor.StatisticsSummaryConsumer#stopProducing(): statisticsSummary produced 0 samples
2022-10-25 15:22:32,004 INFO o.a.j.r.p.AbstractSampleConsumer: class org.apache.jmeter.report.processor.Top5ErrorsBySamplerConsumer#stopProducing(): top5ErrorsBySampler produced 0 samples
2022-10-25 15:22:32,004 INFO o.a.j.r.p.AbstractSampleConsumer: class org.apache.jmeter.report.processor.ErrorsSummaryConsumer#stopProducing(): errorsSummary produced 0 samples
2022-10-25 15:22:32,004 INFO o.a.j.r.p.AbstractSampleConsumer: class org.apache.jmeter.report.processor.graph.impl.HitsPerSecondGraphConsumer#stopProducing(): hitsPerSecond produced 0 samples
2022-10-25 15:22:32,079 INFO o.a.j.r.p.AbstractSampleConsumer: class org.apache.jmeter.report.processor.graph.impl.LatencyVSRequestGraphConsumer#stopProducing(): latencyVsRequest produced 0 samples
2022-10-25 15:22:32,079 INFO o.a.j.r.p.AbstractSampleConsumer: class org.apache.jmeter.report.processor.graph.impl.SyntheticResponseTimeDistributionGraphConsumer#stopProducing(): syntheticResponseTimeDistribution produced 0 samples
2022-10-25 15:22:32,079 INFO o.a.j.r.p.AbstractSampleConsumer: class org.apache.jmeter.report.processor.graph.impl.BytesThroughputGraphConsumer#stopProducing(): bytesThroughputOverTime produced 0 samples
2022-10-25 15:22:32,079 INFO o.a.j.r.p.AbstractSampleConsumer: class org.apache.jmeter.report.processor.graph.impl.CodesPerSecondGraphConsumer#stopProducing(): codesPerSecond produced 0 samples
2022-10-25 15:22:32,146 INFO o.a.j.r.p.AbstractSampleConsumer: class org.apache.jmeter.report.processor.graph.impl.ResponseTimeVSRequestGraphConsumer#stopProducing(): responseTimeVsRequest produced 0 samples
2022-10-25 15:22:32,146 INFO o.a.j.r.p.AbstractSampleConsumer: class org.apache.jmeter.report.processor.FilterConsumer#stopProducing(): startIntervalControlerFilter produced 10794 samples
2022-10-25 15:22:32,146 INFO o.a.j.r.p.AbstractSampleConsumer: class org.apache.jmeter.report.processor.graph.impl.TotalTPSGraphConsumer#stopProducing(): totalTPS produced 0 samples
2022-10-25 15:22:32,146 INFO o.a.j.r.p.AbstractSampleConsumer: class org.apache.jmeter.report.processor.graph.impl.ActiveThreadsGraphConsumer#stopProducing(): activeThreadsOverTime produced 0 samples
2022-10-25 15:22:32,146 INFO o.a.j.r.p.AbstractSampleConsumer: class org.apache.jmeter.report.processor.graph.impl.TimeVSThreadGraphConsumer#stopProducing(): timeVsThreads produced 0 samples
2022-10-25 15:22:32,156 INFO o.a.j.r.p.AbstractSampleConsumer: class org.apache.jmeter.report.processor.graph.impl.ResponseTimeDistributionGraphConsumer#stopProducing(): responseTimeDistribution produced 0 samples
2022-10-25 15:22:32,156 INFO o.a.j.r.p.AbstractSampleConsumer: class org.apache.jmeter.report.processor.graph.impl.TransactionsPerSecondGraphConsumer#stopProducing(): transactionsPerSecond produced 0 samples
2022-10-25 15:22:32,166 INFO o.a.j.r.p.AbstractSampleConsumer: class org.apache.jmeter.report.processor.graph.impl.ResponseTimePercentilesGraphConsumer#stopProducing(): responseTimePercentiles produced 0 samples
2022-10-25 15:22:32,206 INFO o.a.j.r.p.AbstractSampleConsumer: class org.apache.jmeter.report.processor.graph.impl.ResponseTimePercentilesOverTimeGraphConsumer#stopProducing(): responseTimePercentilesOverTime produced 0 samples
2022-10-25 15:22:32,207 INFO o.a.j.r.p.AbstractSampleConsumer: class org.apache.jmeter.report.processor.graph.impl.ResponseTimeOverTimeGraphConsumer#stopProducing(): responseTimesOverTime produced 0 samples
2022-10-25 15:22:32,208 INFO o.a.j.r.p.AbstractSampleConsumer: class org.apache.jmeter.report.processor.graph.impl.ConnectTimeOverTimeGraphConsumer#stopProducing(): connectTimeOverTime produced 0 samples
2022-10-25 15:22:32,209 INFO o.a.j.r.p.AbstractSampleConsumer: class org.apache.jmeter.report.processor.graph.impl.LatencyOverTimeGraphConsumer#stopProducing(): latenciesOverTime produced 0 samples
2022-10-25 15:22:32,210 INFO o.a.j.r.p.AbstractSampleConsumer: class org.apache.jmeter.report.processor.FilterConsumer#stopProducing(): nameFilter produced 23130 samples
2022-10-25 15:22:32,211 INFO o.a.j.r.p.AbstractSampleConsumer: class org.apache.jmeter.report.processor.FilterConsumer#stopProducing(): dateRangeFilter produced 4626 samples
2022-10-25 15:22:32,211 INFO o.a.j.r.p.AbstractSampleConsumer: class org.apache.jmeter.report.processor.NormalizerSampleConsumer#stopProducing(): normalizer produced 1542 samples
2022-10-25 15:22:32,211 INFO o.a.j.r.p.CsvFileSampleSource: produce(): 1542 samples produced in 479ms on channel 0
2022-10-25 15:22:32,211 INFO o.a.j.r.d.ReportGenerator: Exporting data using exporter:'json' of className:'org.apache.jmeter.report.dashboard.JsonExporter'
2022-10-25 15:22:32,383 INFO o.a.j.r.d.JsonExporter: Found data for consumer statisticsSummary in context
2022-10-25 15:22:32,383 INFO o.a.j.r.d.JsonExporter: Creating statistics for overall
2022-10-25 15:22:32,383 INFO o.a.j.r.d.JsonExporter: Creating statistics for other transactions
2022-10-25 15:22:32,393 INFO o.a.j.r.d.JsonExporter: Checking output folder
2022-10-25 15:22:32,393 INFO o.a.j.r.d.JsonExporter: Writing statistics JSON to C:\Users\User\Desktop\Work\GithubStorage\jmetertraining\Result4\statistics.json
2022-10-25 15:22:32,480 INFO o.a.j.r.d.ReportGenerator: Exporting data using exporter:'html' of className:'org.apache.jmeter.report.dashboard.HtmlTemplateExporter'
2022-10-25 15:22:32,496 INFO o.a.j.r.d.HtmlTemplateExporter: Will generate dashboard in folder: C:\Users\User\Desktop\Work\GithubStorage\jmetertraining\Result4
2022-10-25 15:22:32,985 INFO o.a.j.r.d.HtmlTemplateExporter: Report will be generated in: C:\Users\User\Desktop\Work\GithubStorage\jmetertraining\Result4, creating folder structure
2022-10-25 15:22:32,995 INFO o.a.j.r.d.TemplateVisitor: Copying folder from 'C:\Users\User\Desktop\Work\JMeter\apache-jmeter-5.5\bin\report-template' to 'C:\Users\User\Desktop\Work\GithubStorage\jmetertraining\Result4', got message: C:\Users\User\Desktop\Work\GithubStorage\jmetertraining\Result4, found non empty folder with following content [C:\Users\User\Desktop\Work\GithubStorage\jmetertraining\Result4\statistics.json], will be ignored
2022-10-25 15:22:34,902 INFO o.a.j.JMeter: Dashboard generated
